{"/Users/adityasinghshekhawat/CascadeProjects/resume-job-matcher/frontend/src/App.js": {"path":"/Users/adityasinghshekhawat/CascadeProjects/resume-job-matcher/frontend/src/App.js","statementMap":{"0":{"start":{"line":19,"column":14},"end":{"line":28,"column":2}},"1":{"start":{"line":31,"column":2},"end":{"line":62,"column":4}}},"fnMap":{"0":{"name":"App","decl":{"start":{"line":30,"column":9},"end":{"line":30,"column":12}},"loc":{"start":{"line":30,"column":15},"end":{"line":63,"column":1}},"line":30}},"branchMap":{},"s":{"0":1,"1":1},"f":{"0":1},"b":{},"_coverageSchema":"1a1c01bbd47fc00a2c39e90264f33305004495a9","hash":"722bbaeddf356c8e7e2a6382d7a6d4ce852e7347"}
,"/Users/adityasinghshekhawat/CascadeProjects/resume-job-matcher/frontend/src/components/Layout.js": {"path":"/Users/adityasinghshekhawat/CascadeProjects/resume-job-matcher/frontend/src/components/Layout.js","statementMap":{"0":{"start":{"line":14,"column":15},"end":{"line":65,"column":1}},"1":{"start":{"line":15,"column":19},"end":{"line":15,"column":32}},"2":{"start":{"line":16,"column":19},"end":{"line":16,"column":32}},"3":{"start":{"line":17,"column":30},"end":{"line":17,"column":64}},"4":{"start":{"line":17,"column":53},"end":{"line":17,"column":63}},"5":{"start":{"line":19,"column":23},"end":{"line":22,"column":3}},"6":{"start":{"line":20,"column":4},"end":{"line":20,"column":23}},"7":{"start":{"line":21,"column":4},"end":{"line":21,"column":23}},"8":{"start":{"line":24,"column":2},"end":{"line":64,"column":4}},"9":{"start":{"line":32,"column":27},"end":{"line":32,"column":40}},"10":{"start":{"line":38,"column":53},"end":{"line":38,"column":75}},"11":{"start":{"line":41,"column":53},"end":{"line":41,"column":76}},"12":{"start":{"line":50,"column":53},"end":{"line":50,"column":71}},"13":{"start":{"line":53,"column":53},"end":{"line":53,"column":74}}},"fnMap":{"0":{"name":"(anonymous_0)","decl":{"start":{"line":14,"column":15},"end":{"line":14,"column":16}},"loc":{"start":{"line":14,"column":33},"end":{"line":65,"column":1}},"line":14},"1":{"name":"(anonymous_1)","decl":{"start":{"line":17,"column":42},"end":{"line":17,"column":43}},"loc":{"start":{"line":17,"column":53},"end":{"line":17,"column":63}},"line":17},"2":{"name":"(anonymous_2)","decl":{"start":{"line":19,"column":23},"end":{"line":19,"column":24}},"loc":{"start":{"line":19,"column":29},"end":{"line":22,"column":3}},"line":19},"3":{"name":"(anonymous_3)","decl":{"start":{"line":32,"column":21},"end":{"line":32,"column":22}},"loc":{"start":{"line":32,"column":27},"end":{"line":32,"column":40}},"line":32},"4":{"name":"(anonymous_4)","decl":{"start":{"line":38,"column":47},"end":{"line":38,"column":48}},"loc":{"start":{"line":38,"column":53},"end":{"line":38,"column":75}},"line":38},"5":{"name":"(anonymous_5)","decl":{"start":{"line":41,"column":47},"end":{"line":41,"column":48}},"loc":{"start":{"line":41,"column":53},"end":{"line":41,"column":76}},"line":41},"6":{"name":"(anonymous_6)","decl":{"start":{"line":50,"column":47},"end":{"line":50,"column":48}},"loc":{"start":{"line":50,"column":53},"end":{"line":50,"column":71}},"line":50},"7":{"name":"(anonymous_7)","decl":{"start":{"line":53,"column":47},"end":{"line":53,"column":48}},"loc":{"start":{"line":53,"column":53},"end":{"line":53,"column":74}},"line":53}},"branchMap":{"0":{"loc":{"start":{"line":36,"column":11},"end":{"line":57,"column":11}},"type":"cond-expr","locations":[{"start":{"line":37,"column":12},"end":{"line":47,"column":15}},{"start":{"line":49,"column":12},"end":{"line":56,"column":15}}],"line":36}},"s":{"0":1,"1":1,"2":1,"3":1,"4":2,"5":1,"6":0,"7":0,"8":1,"9":0,"10":0,"11":0,"12":0,"13":0},"f":{"0":1,"1":2,"2":0,"3":0,"4":0,"5":0,"6":0,"7":0},"b":{"0":[0,1]},"_coverageSchema":"1a1c01bbd47fc00a2c39e90264f33305004495a9","hash":"ccadf5bc24ae9ff4729a0f0da4e7f8a2babe2da7"}
,"/Users/adityasinghshekhawat/CascadeProjects/resume-job-matcher/frontend/src/components/PrivateRoute.js": {"path":"/Users/adityasinghshekhawat/CascadeProjects/resume-job-matcher/frontend/src/components/PrivateRoute.js","statementMap":{"0":{"start":{"line":5,"column":21},"end":{"line":9,"column":1}},"1":{"start":{"line":6,"column":30},"end":{"line":6,"column":64}},"2":{"start":{"line":6,"column":53},"end":{"line":6,"column":63}},"3":{"start":{"line":8,"column":2},"end":{"line":8,"column":63}}},"fnMap":{"0":{"name":"(anonymous_0)","decl":{"start":{"line":5,"column":21},"end":{"line":5,"column":22}},"loc":{"start":{"line":5,"column":39},"end":{"line":9,"column":1}},"line":5},"1":{"name":"(anonymous_1)","decl":{"start":{"line":6,"column":42},"end":{"line":6,"column":43}},"loc":{"start":{"line":6,"column":53},"end":{"line":6,"column":63}},"line":6}},"branchMap":{"0":{"loc":{"start":{"line":8,"column":9},"end":{"line":8,"column":62}},"type":"cond-expr","locations":[{"start":{"line":8,"column":27},"end":{"line":8,"column":35}},{"start":{"line":8,"column":38},"end":{"line":8,"column":62}}],"line":8}},"s":{"0":1,"1":0,"2":0,"3":0},"f":{"0":0,"1":0},"b":{"0":[0,0]},"_coverageSchema":"1a1c01bbd47fc00a2c39e90264f33305004495a9","hash":"4aae639e1e8592f0e6f4031dba9ef84cadbfc80c"}
,"/Users/adityasinghshekhawat/CascadeProjects/resume-job-matcher/frontend/src/pages/Dashboard.js": {"path":"/Users/adityasinghshekhawat/CascadeProjects/resume-job-matcher/frontend/src/pages/Dashboard.js","statementMap":{"0":{"start":{"line":20,"column":18},"end":{"line":156,"column":1}},"1":{"start":{"line":21,"column":19},"end":{"line":21,"column":32}},"2":{"start":{"line":22,"column":19},"end":{"line":22,"column":32}},"3":{"start":{"line":23,"column":23},"end":{"line":23,"column":31}},"4":{"start":{"line":24,"column":56},"end":{"line":26,"column":3}},"5":{"start":{"line":25,"column":15},"end":{"line":25,"column":27}},"6":{"start":{"line":28,"column":27},"end":{"line":33,"column":3}},"7":{"start":{"line":29,"column":17},"end":{"line":29,"column":38}},"8":{"start":{"line":30,"column":4},"end":{"line":32,"column":5}},"9":{"start":{"line":31,"column":6},"end":{"line":31,"column":35}},"10":{"start":{"line":35,"column":28},"end":{"line":37,"column":3}},"11":{"start":{"line":36,"column":4},"end":{"line":36,"column":33}},"12":{"start":{"line":39,"column":27},"end":{"line":41,"column":3}},"13":{"start":{"line":40,"column":4},"end":{"line":40,"column":28}},"14":{"start":{"line":43,"column":27},"end":{"line":93,"column":3}},"15":{"start":{"line":44,"column":4},"end":{"line":44,"column":33}},"16":{"start":{"line":44,"column":21},"end":{"line":44,"column":33}},"17":{"start":{"line":46,"column":4},"end":{"line":92,"column":6}},"18":{"start":{"line":57,"column":14},"end":{"line":59,"column":25}},"19":{"start":{"line":68,"column":14},"end":{"line":73,"column":25}},"20":{"start":{"line":82,"column":14},"end":{"line":87,"column":25}},"21":{"start":{"line":95,"column":2},"end":{"line":155,"column":4}},"22":{"start":{"line":101,"column":47},"end":{"line":101,"column":75}}},"fnMap":{"0":{"name":"(anonymous_0)","decl":{"start":{"line":20,"column":18},"end":{"line":20,"column":19}},"loc":{"start":{"line":20,"column":24},"end":{"line":156,"column":1}},"line":20},"1":{"name":"(anonymous_1)","decl":{"start":{"line":25,"column":4},"end":{"line":25,"column":5}},"loc":{"start":{"line":25,"column":15},"end":{"line":25,"column":27}},"line":25},"2":{"name":"(anonymous_2)","decl":{"start":{"line":28,"column":27},"end":{"line":28,"column":28}},"loc":{"start":{"line":28,"column":38},"end":{"line":33,"column":3}},"line":28},"3":{"name":"(anonymous_3)","decl":{"start":{"line":35,"column":28},"end":{"line":35,"column":29}},"loc":{"start":{"line":35,"column":34},"end":{"line":37,"column":3}},"line":35},"4":{"name":"(anonymous_4)","decl":{"start":{"line":39,"column":27},"end":{"line":39,"column":28}},"loc":{"start":{"line":39,"column":33},"end":{"line":41,"column":3}},"line":39},"5":{"name":"(anonymous_5)","decl":{"start":{"line":43,"column":27},"end":{"line":43,"column":28}},"loc":{"start":{"line":43,"column":33},"end":{"line":93,"column":3}},"line":43},"6":{"name":"(anonymous_6)","decl":{"start":{"line":56,"column":35},"end":{"line":56,"column":36}},"loc":{"start":{"line":57,"column":14},"end":{"line":59,"column":25}},"line":57},"7":{"name":"(anonymous_7)","decl":{"start":{"line":67,"column":39},"end":{"line":67,"column":40}},"loc":{"start":{"line":68,"column":14},"end":{"line":73,"column":25}},"line":68},"8":{"name":"(anonymous_8)","decl":{"start":{"line":81,"column":38},"end":{"line":81,"column":39}},"loc":{"start":{"line":82,"column":14},"end":{"line":87,"column":25}},"line":82},"9":{"name":"(anonymous_9)","decl":{"start":{"line":101,"column":41},"end":{"line":101,"column":42}},"loc":{"start":{"line":101,"column":47},"end":{"line":101,"column":75}},"line":101}},"branchMap":{"0":{"loc":{"start":{"line":30,"column":4},"end":{"line":32,"column":5}},"type":"if","locations":[{"start":{"line":30,"column":4},"end":{"line":32,"column":5}},{"start":{},"end":{}}],"line":30},"1":{"loc":{"start":{"line":44,"column":4},"end":{"line":44,"column":33}},"type":"if","locations":[{"start":{"line":44,"column":4},"end":{"line":44,"column":33}},{"start":{},"end":{}}],"line":44},"2":{"loc":{"start":{"line":100,"column":7},"end":{"line":104,"column":7}},"type":"binary-expr","locations":[{"start":{"line":100,"column":7},"end":{"line":100,"column":12}},{"start":{"line":101,"column":8},"end":{"line":103,"column":16}}],"line":100},"3":{"loc":{"start":{"line":128,"column":13},"end":{"line":132,"column":13}},"type":"cond-expr","locations":[{"start":{"line":129,"column":14},"end":{"line":129,"column":60}},{"start":{"line":131,"column":14},"end":{"line":131,"column":29}}],"line":128},"4":{"loc":{"start":{"line":134,"column":11},"end":{"line":138,"column":11}},"type":"binary-expr","locations":[{"start":{"line":134,"column":11},"end":{"line":134,"column":24}},{"start":{"line":135,"column":12},"end":{"line":137,"column":25}}],"line":134},"5":{"loc":{"start":{"line":141,"column":9},"end":{"line":152,"column":9}},"type":"binary-expr","locations":[{"start":{"line":141,"column":9},"end":{"line":141,"column":22}},{"start":{"line":142,"column":10},"end":{"line":151,"column":16}}],"line":141}},"s":{"0":2,"1":4,"2":4,"3":4,"4":4,"5":8,"6":4,"7":1,"8":1,"9":1,"10":4,"11":0,"12":4,"13":0,"14":4,"15":4,"16":3,"17":1,"18":2,"19":1,"20":1,"21":4,"22":0},"f":{"0":4,"1":8,"2":1,"3":0,"4":0,"5":4,"6":2,"7":1,"8":1,"9":0},"b":{"0":[1,0],"1":[3,1],"2":[4,1],"3":[0,4],"4":[4,1],"5":[4,1]},"_coverageSchema":"1a1c01bbd47fc00a2c39e90264f33305004495a9","hash":"1362558fb61a684fd583214b55c9b914ca7c983d"}
,"/Users/adityasinghshekhawat/CascadeProjects/resume-job-matcher/frontend/src/pages/Home.js": {"path":"/Users/adityasinghshekhawat/CascadeProjects/resume-job-matcher/frontend/src/pages/Home.js","statementMap":{"0":{"start":{"line":16,"column":13},"end":{"line":106,"column":1}},"1":{"start":{"line":17,"column":19},"end":{"line":17,"column":32}},"2":{"start":{"line":18,"column":30},"end":{"line":18,"column":64}},"3":{"start":{"line":18,"column":53},"end":{"line":18,"column":63}},"4":{"start":{"line":20,"column":19},"end":{"line":39,"column":3}},"5":{"start":{"line":41,"column":2},"end":{"line":105,"column":4}},"6":{"start":{"line":71,"column":12},"end":{"line":71,"column":66}},"7":{"start":{"line":81,"column":10},"end":{"line":101,"column":17}}},"fnMap":{"0":{"name":"(anonymous_0)","decl":{"start":{"line":16,"column":13},"end":{"line":16,"column":14}},"loc":{"start":{"line":16,"column":19},"end":{"line":106,"column":1}},"line":16},"1":{"name":"(anonymous_1)","decl":{"start":{"line":18,"column":42},"end":{"line":18,"column":43}},"loc":{"start":{"line":18,"column":53},"end":{"line":18,"column":63}},"line":18},"2":{"name":"(anonymous_2)","decl":{"start":{"line":70,"column":19},"end":{"line":70,"column":20}},"loc":{"start":{"line":71,"column":12},"end":{"line":71,"column":66}},"line":71},"3":{"name":"(anonymous_3)","decl":{"start":{"line":80,"column":22},"end":{"line":80,"column":23}},"loc":{"start":{"line":81,"column":10},"end":{"line":101,"column":17}},"line":81}},"branchMap":{"0":{"loc":{"start":{"line":71,"column":21},"end":{"line":71,"column":65}},"type":"cond-expr","locations":[{"start":{"line":71,"column":39},"end":{"line":71,"column":51}},{"start":{"line":71,"column":54},"end":{"line":71,"column":65}}],"line":71},"1":{"loc":{"start":{"line":75,"column":11},"end":{"line":75,"column":62}},"type":"cond-expr","locations":[{"start":{"line":75,"column":29},"end":{"line":75,"column":46}},{"start":{"line":75,"column":49},"end":{"line":75,"column":62}}],"line":75}},"s":{"0":1,"1":1,"2":1,"3":2,"4":1,"5":1,"6":0,"7":3},"f":{"0":1,"1":2,"2":0,"3":3},"b":{"0":[0,0],"1":[0,1]},"_coverageSchema":"1a1c01bbd47fc00a2c39e90264f33305004495a9","hash":"101a0d7dde9aa582c8b2c4bb3c7e48b6addf596f"}
,"/Users/adityasinghshekhawat/CascadeProjects/resume-job-matcher/frontend/src/pages/JobSearch.js": {"path":"/Users/adityasinghshekhawat/CascadeProjects/resume-job-matcher/frontend/src/pages/JobSearch.js","statementMap":{"0":{"start":{"line":25,"column":17},"end":{"line":31,"column":1}},"1":{"start":{"line":33,"column":18},"end":{"line":198,"column":1}},"2":{"start":{"line":34,"column":19},"end":{"line":34,"column":32}},"3":{"start":{"line":35,"column":28},"end":{"line":35,"column":64}},"4":{"start":{"line":35,"column":51},"end":{"line":35,"column":63}},"5":{"start":{"line":36,"column":44},"end":{"line":36,"column":78}},"6":{"start":{"line":36,"column":67},"end":{"line":36,"column":77}},"7":{"start":{"line":38,"column":2},"end":{"line":42,"column":9}},"8":{"start":{"line":39,"column":4},"end":{"line":41,"column":5}},"9":{"start":{"line":40,"column":6},"end":{"line":40,"column":21}},"10":{"start":{"line":44,"column":23},"end":{"line":56,"column":3}},"11":{"start":{"line":45,"column":4},"end":{"line":47,"column":5}},"12":{"start":{"line":46,"column":6},"end":{"line":46,"column":13}},"13":{"start":{"line":49,"column":4},"end":{"line":55,"column":6}},"14":{"start":{"line":58,"column":29},"end":{"line":60,"column":3}},"15":{"start":{"line":59,"column":4},"end":{"line":59,"column":65}},"16":{"start":{"line":62,"column":24},"end":{"line":134,"column":3}},"17":{"start":{"line":63,"column":4},"end":{"line":133,"column":11}},"18":{"start":{"line":102,"column":14},"end":{"line":107,"column":16}},"19":{"start":{"line":136,"column":2},"end":{"line":197,"column":4}},"20":{"start":{"line":142,"column":47},"end":{"line":142,"column":73}},"21":{"start":{"line":169,"column":16},"end":{"line":171,"column":27}}},"fnMap":{"0":{"name":"(anonymous_0)","decl":{"start":{"line":33,"column":18},"end":{"line":33,"column":19}},"loc":{"start":{"line":33,"column":24},"end":{"line":198,"column":1}},"line":33},"1":{"name":"(anonymous_1)","decl":{"start":{"line":35,"column":40},"end":{"line":35,"column":41}},"loc":{"start":{"line":35,"column":51},"end":{"line":35,"column":63}},"line":35},"2":{"name":"(anonymous_2)","decl":{"start":{"line":36,"column":56},"end":{"line":36,"column":57}},"loc":{"start":{"line":36,"column":67},"end":{"line":36,"column":77}},"line":36},"3":{"name":"(anonymous_3)","decl":{"start":{"line":38,"column":12},"end":{"line":38,"column":13}},"loc":{"start":{"line":38,"column":18},"end":{"line":42,"column":3}},"line":38},"4":{"name":"(anonymous_4)","decl":{"start":{"line":44,"column":23},"end":{"line":44,"column":24}},"loc":{"start":{"line":44,"column":29},"end":{"line":56,"column":3}},"line":44},"5":{"name":"(anonymous_5)","decl":{"start":{"line":58,"column":29},"end":{"line":58,"column":30}},"loc":{"start":{"line":58,"column":36},"end":{"line":60,"column":3}},"line":58},"6":{"name":"(anonymous_6)","decl":{"start":{"line":62,"column":24},"end":{"line":62,"column":25}},"loc":{"start":{"line":63,"column":4},"end":{"line":133,"column":11}},"line":63},"7":{"name":"(anonymous_7)","decl":{"start":{"line":101,"column":34},"end":{"line":101,"column":35}},"loc":{"start":{"line":102,"column":14},"end":{"line":107,"column":16}},"line":102},"8":{"name":"(anonymous_8)","decl":{"start":{"line":142,"column":41},"end":{"line":142,"column":42}},"loc":{"start":{"line":142,"column":47},"end":{"line":142,"column":73}},"line":142},"9":{"name":"(anonymous_9)","decl":{"start":{"line":168,"column":28},"end":{"line":168,"column":29}},"loc":{"start":{"line":169,"column":16},"end":{"line":171,"column":27}},"line":169}},"branchMap":{"0":{"loc":{"start":{"line":39,"column":4},"end":{"line":41,"column":5}},"type":"if","locations":[{"start":{"line":39,"column":4},"end":{"line":41,"column":5}},{"start":{},"end":{}}],"line":39},"1":{"loc":{"start":{"line":39,"column":8},"end":{"line":39,"column":41}},"type":"binary-expr","locations":[{"start":{"line":39,"column":8},"end":{"line":39,"column":21}},{"start":{"line":39,"column":25},"end":{"line":39,"column":41}}],"line":39},"2":{"loc":{"start":{"line":45,"column":4},"end":{"line":47,"column":5}},"type":"if","locations":[{"start":{"line":45,"column":4},"end":{"line":47,"column":5}},{"start":{},"end":{}}],"line":45},"3":{"loc":{"start":{"line":141,"column":7},"end":{"line":145,"column":7}},"type":"binary-expr","locations":[{"start":{"line":141,"column":7},"end":{"line":141,"column":12}},{"start":{"line":142,"column":8},"end":{"line":144,"column":16}}],"line":141},"4":{"loc":{"start":{"line":180,"column":24},"end":{"line":180,"column":49}},"type":"binary-expr","locations":[{"start":{"line":180,"column":24},"end":{"line":180,"column":31}},{"start":{"line":180,"column":35},"end":{"line":180,"column":49}}],"line":180},"5":{"loc":{"start":{"line":182,"column":15},"end":{"line":182,"column":66}},"type":"cond-expr","locations":[{"start":{"line":182,"column":25},"end":{"line":182,"column":55}},{"start":{"line":182,"column":58},"end":{"line":182,"column":66}}],"line":182},"6":{"loc":{"start":{"line":187,"column":7},"end":{"line":195,"column":7}},"type":"cond-expr","locations":[{"start":{"line":188,"column":8},"end":{"line":190,"column":16}},{"start":{"line":192,"column":8},"end":{"line":194,"column":15}}],"line":187}},"s":{"0":1,"1":1,"2":0,"3":0,"4":0,"5":0,"6":0,"7":0,"8":0,"9":0,"10":0,"11":0,"12":0,"13":0,"14":0,"15":0,"16":0,"17":0,"18":0,"19":0,"20":0,"21":0},"f":{"0":0,"1":0,"2":0,"3":0,"4":0,"5":0,"6":0,"7":0,"8":0,"9":0},"b":{"0":[0,0],"1":[0,0],"2":[0,0],"3":[0,0],"4":[0,0],"5":[0,0],"6":[0,0]},"_coverageSchema":"1a1c01bbd47fc00a2c39e90264f33305004495a9","hash":"107e0dccf358ab78291bbb571cf1f5984771cbda"}
,"/Users/adityasinghshekhawat/CascadeProjects/resume-job-matcher/frontend/src/pages/Login.js": {"path":"/Users/adityasinghshekhawat/CascadeProjects/resume-job-matcher/frontend/src/pages/Login.js","statementMap":{"0":{"start":{"line":15,"column":14},"end":{"line":95,"column":1}},"1":{"start":{"line":16,"column":19},"end":{"line":16,"column":32}},"2":{"start":{"line":17,"column":19},"end":{"line":17,"column":32}},"3":{"start":{"line":18,"column":46},"end":{"line":18,"column":80}},"4":{"start":{"line":18,"column":69},"end":{"line":18,"column":79}},"5":{"start":{"line":20,"column":34},"end":{"line":23,"column":4}},"6":{"start":{"line":25,"column":2},"end":{"line":32,"column":44}},"7":{"start":{"line":26,"column":4},"end":{"line":28,"column":5}},"8":{"start":{"line":27,"column":6},"end":{"line":27,"column":29}},"9":{"start":{"line":29,"column":4},"end":{"line":31,"column":6}},"10":{"start":{"line":30,"column":6},"end":{"line":30,"column":29}},"11":{"start":{"line":34,"column":23},"end":{"line":39,"column":3}},"12":{"start":{"line":35,"column":4},"end":{"line":38,"column":7}},"13":{"start":{"line":41,"column":23},"end":{"line":44,"column":3}},"14":{"start":{"line":42,"column":4},"end":{"line":42,"column":23}},"15":{"start":{"line":43,"column":4},"end":{"line":43,"column":30}},"16":{"start":{"line":46,"column":2},"end":{"line":94,"column":4}},"17":{"start":{"line":87,"column":27},"end":{"line":87,"column":48}}},"fnMap":{"0":{"name":"(anonymous_0)","decl":{"start":{"line":15,"column":14},"end":{"line":15,"column":15}},"loc":{"start":{"line":15,"column":20},"end":{"line":95,"column":1}},"line":15},"1":{"name":"(anonymous_1)","decl":{"start":{"line":18,"column":58},"end":{"line":18,"column":59}},"loc":{"start":{"line":18,"column":69},"end":{"line":18,"column":79}},"line":18},"2":{"name":"(anonymous_2)","decl":{"start":{"line":25,"column":12},"end":{"line":25,"column":13}},"loc":{"start":{"line":25,"column":18},"end":{"line":32,"column":3}},"line":25},"3":{"name":"(anonymous_3)","decl":{"start":{"line":29,"column":11},"end":{"line":29,"column":12}},"loc":{"start":{"line":29,"column":17},"end":{"line":31,"column":5}},"line":29},"4":{"name":"(anonymous_4)","decl":{"start":{"line":34,"column":23},"end":{"line":34,"column":24}},"loc":{"start":{"line":34,"column":30},"end":{"line":39,"column":3}},"line":34},"5":{"name":"(anonymous_5)","decl":{"start":{"line":41,"column":23},"end":{"line":41,"column":24}},"loc":{"start":{"line":41,"column":36},"end":{"line":44,"column":3}},"line":41},"6":{"name":"(anonymous_6)","decl":{"start":{"line":87,"column":21},"end":{"line":87,"column":22}},"loc":{"start":{"line":87,"column":27},"end":{"line":87,"column":48}},"line":87}},"branchMap":{"0":{"loc":{"start":{"line":26,"column":4},"end":{"line":28,"column":5}},"type":"if","locations":[{"start":{"line":26,"column":4},"end":{"line":28,"column":5}},{"start":{},"end":{}}],"line":26},"1":{"loc":{"start":{"line":52,"column":9},"end":{"line":52,"column":57}},"type":"binary-expr","locations":[{"start":{"line":52,"column":9},"end":{"line":52,"column":14}},{"start":{"line":52,"column":18},"end":{"line":52,"column":57}}],"line":52},"2":{"loc":{"start":{"line":81,"column":13},"end":{"line":81,"column":48}},"type":"cond-expr","locations":[{"start":{"line":81,"column":23},"end":{"line":81,"column":38}},{"start":{"line":81,"column":41},"end":{"line":81,"column":48}}],"line":81}},"s":{"0":2,"1":6,"2":6,"3":6,"4":10,"5":6,"6":6,"7":4,"8":1,"9":4,"10":4,"11":6,"12":2,"13":6,"14":1,"15":1,"16":6,"17":0},"f":{"0":6,"1":10,"2":4,"3":4,"4":2,"5":1,"6":0},"b":{"0":[1,3],"1":[6,1],"2":[0,6]},"_coverageSchema":"1a1c01bbd47fc00a2c39e90264f33305004495a9","hash":"5d26e391eecbdfcf1e429ce5f173b69518fd60c7"}
,"/Users/adityasinghshekhawat/CascadeProjects/resume-job-matcher/frontend/src/pages/Register.js": {"path":"/Users/adityasinghshekhawat/CascadeProjects/resume-job-matcher/frontend/src/pages/Register.js","statementMap":{"0":{"start":{"line":15,"column":17},"end":{"line":116,"column":1}},"1":{"start":{"line":16,"column":19},"end":{"line":16,"column":32}},"2":{"start":{"line":17,"column":19},"end":{"line":17,"column":32}},"3":{"start":{"line":18,"column":46},"end":{"line":18,"column":80}},"4":{"start":{"line":18,"column":69},"end":{"line":18,"column":79}},"5":{"start":{"line":20,"column":34},"end":{"line":24,"column":4}},"6":{"start":{"line":26,"column":44},"end":{"line":26,"column":56}},"7":{"start":{"line":28,"column":2},"end":{"line":35,"column":44}},"8":{"start":{"line":29,"column":4},"end":{"line":31,"column":5}},"9":{"start":{"line":30,"column":6},"end":{"line":30,"column":29}},"10":{"start":{"line":32,"column":4},"end":{"line":34,"column":6}},"11":{"start":{"line":33,"column":6},"end":{"line":33,"column":29}},"12":{"start":{"line":37,"column":23},"end":{"line":42,"column":3}},"13":{"start":{"line":38,"column":4},"end":{"line":41,"column":7}},"14":{"start":{"line":44,"column":23},"end":{"line":54,"column":3}},"15":{"start":{"line":45,"column":4},"end":{"line":45,"column":23}},"16":{"start":{"line":46,"column":4},"end":{"line":46,"column":25}},"17":{"start":{"line":48,"column":4},"end":{"line":51,"column":5}},"18":{"start":{"line":49,"column":6},"end":{"line":49,"column":49}},"19":{"start":{"line":50,"column":6},"end":{"line":50,"column":13}},"20":{"start":{"line":53,"column":4},"end":{"line":53,"column":79}},"21":{"start":{"line":56,"column":2},"end":{"line":115,"column":4}},"22":{"start":{"line":108,"column":27},"end":{"line":108,"column":45}}},"fnMap":{"0":{"name":"(anonymous_0)","decl":{"start":{"line":15,"column":17},"end":{"line":15,"column":18}},"loc":{"start":{"line":15,"column":23},"end":{"line":116,"column":1}},"line":15},"1":{"name":"(anonymous_1)","decl":{"start":{"line":18,"column":58},"end":{"line":18,"column":59}},"loc":{"start":{"line":18,"column":69},"end":{"line":18,"column":79}},"line":18},"2":{"name":"(anonymous_2)","decl":{"start":{"line":28,"column":12},"end":{"line":28,"column":13}},"loc":{"start":{"line":28,"column":18},"end":{"line":35,"column":3}},"line":28},"3":{"name":"(anonymous_3)","decl":{"start":{"line":32,"column":11},"end":{"line":32,"column":12}},"loc":{"start":{"line":32,"column":17},"end":{"line":34,"column":5}},"line":32},"4":{"name":"(anonymous_4)","decl":{"start":{"line":37,"column":23},"end":{"line":37,"column":24}},"loc":{"start":{"line":37,"column":30},"end":{"line":42,"column":3}},"line":37},"5":{"name":"(anonymous_5)","decl":{"start":{"line":44,"column":23},"end":{"line":44,"column":24}},"loc":{"start":{"line":44,"column":36},"end":{"line":54,"column":3}},"line":44},"6":{"name":"(anonymous_6)","decl":{"start":{"line":108,"column":21},"end":{"line":108,"column":22}},"loc":{"start":{"line":108,"column":27},"end":{"line":108,"column":45}},"line":108}},"branchMap":{"0":{"loc":{"start":{"line":29,"column":4},"end":{"line":31,"column":5}},"type":"if","locations":[{"start":{"line":29,"column":4},"end":{"line":31,"column":5}},{"start":{},"end":{}}],"line":29},"1":{"loc":{"start":{"line":48,"column":4},"end":{"line":51,"column":5}},"type":"if","locations":[{"start":{"line":48,"column":4},"end":{"line":51,"column":5}},{"start":{},"end":{}}],"line":48},"2":{"loc":{"start":{"line":62,"column":9},"end":{"line":62,"column":57}},"type":"binary-expr","locations":[{"start":{"line":62,"column":9},"end":{"line":62,"column":14}},{"start":{"line":62,"column":18},"end":{"line":62,"column":57}}],"line":62},"3":{"loc":{"start":{"line":63,"column":9},"end":{"line":63,"column":73}},"type":"binary-expr","locations":[{"start":{"line":63,"column":9},"end":{"line":63,"column":22}},{"start":{"line":63,"column":26},"end":{"line":63,"column":73}}],"line":63},"4":{"loc":{"start":{"line":102,"column":13},"end":{"line":102,"column":52}},"type":"cond-expr","locations":[{"start":{"line":102,"column":23},"end":{"line":102,"column":39}},{"start":{"line":102,"column":42},"end":{"line":102,"column":52}}],"line":102}},"s":{"0":1,"1":0,"2":0,"3":0,"4":0,"5":0,"6":0,"7":0,"8":0,"9":0,"10":0,"11":0,"12":0,"13":0,"14":0,"15":0,"16":0,"17":0,"18":0,"19":0,"20":0,"21":0,"22":0},"f":{"0":0,"1":0,"2":0,"3":0,"4":0,"5":0,"6":0},"b":{"0":[0,0],"1":[0,0],"2":[0,0],"3":[0,0],"4":[0,0]},"_coverageSchema":"1a1c01bbd47fc00a2c39e90264f33305004495a9","hash":"73a0631fb36f78f11e599ed997def90f406fa4c6"}
,"/Users/adityasinghshekhawat/CascadeProjects/resume-job-matcher/frontend/src/store/index.js": {"path":"/Users/adityasinghshekhawat/CascadeProjects/resume-job-matcher/frontend/src/store/index.js","statementMap":{"0":{"start":{"line":6,"column":14},"end":{"line":12,"column":2}}},"fnMap":{},"branchMap":{},"s":{"0":1},"f":{},"b":{},"_coverageSchema":"1a1c01bbd47fc00a2c39e90264f33305004495a9","hash":"2ec6d0b9396c23318e88b95cb7f6a1b9e2a93f11"}
,"/Users/adityasinghshekhawat/CascadeProjects/resume-job-matcher/frontend/src/store/slices/authSlice.js": {"path":"/Users/adityasinghshekhawat/CascadeProjects/resume-job-matcher/frontend/src/store/slices/authSlice.js","statementMap":{"0":{"start":{"line":4,"column":16},"end":{"line":4,"column":72}},"1":{"start":{"line":6,"column":21},"end":{"line":20,"column":1}},"2":{"start":{"line":9,"column":4},"end":{"line":18,"column":5}},"3":{"start":{"line":10,"column":23},"end":{"line":13,"column":8}},"4":{"start":{"line":14,"column":6},"end":{"line":14,"column":57}},"5":{"start":{"line":15,"column":6},"end":{"line":15,"column":27}},"6":{"start":{"line":17,"column":6},"end":{"line":17,"column":50}},"7":{"start":{"line":22,"column":24},"end":{"line":36,"column":1}},"8":{"start":{"line":25,"column":4},"end":{"line":34,"column":5}},"9":{"start":{"line":26,"column":23},"end":{"line":29,"column":8}},"10":{"start":{"line":30,"column":6},"end":{"line":30,"column":57}},"11":{"start":{"line":31,"column":6},"end":{"line":31,"column":27}},"12":{"start":{"line":33,"column":6},"end":{"line":33,"column":50}},"13":{"start":{"line":38,"column":21},"end":{"line":44,"column":1}},"14":{"start":{"line":46,"column":18},"end":{"line":91,"column":2}},"15":{"start":{"line":51,"column":6},"end":{"line":51,"column":39}},"16":{"start":{"line":52,"column":6},"end":{"line":52,"column":24}},"17":{"start":{"line":53,"column":6},"end":{"line":53,"column":25}},"18":{"start":{"line":54,"column":6},"end":{"line":54,"column":36}},"19":{"start":{"line":57,"column":6},"end":{"line":57,"column":25}},"20":{"start":{"line":61,"column":4},"end":{"line":89,"column":9}},"21":{"start":{"line":63,"column":8},"end":{"line":63,"column":29}},"22":{"start":{"line":64,"column":8},"end":{"line":64,"column":27}},"23":{"start":{"line":67,"column":8},"end":{"line":67,"column":30}},"24":{"start":{"line":68,"column":8},"end":{"line":68,"column":37}},"25":{"start":{"line":69,"column":8},"end":{"line":69,"column":41}},"26":{"start":{"line":70,"column":8},"end":{"line":70,"column":43}},"27":{"start":{"line":73,"column":8},"end":{"line":73,"column":30}},"28":{"start":{"line":74,"column":8},"end":{"line":74,"column":64}},"29":{"start":{"line":77,"column":8},"end":{"line":77,"column":29}},"30":{"start":{"line":78,"column":8},"end":{"line":78,"column":27}},"31":{"start":{"line":81,"column":8},"end":{"line":81,"column":30}},"32":{"start":{"line":82,"column":8},"end":{"line":82,"column":37}},"33":{"start":{"line":83,"column":8},"end":{"line":83,"column":41}},"34":{"start":{"line":84,"column":8},"end":{"line":84,"column":43}},"35":{"start":{"line":87,"column":8},"end":{"line":87,"column":30}},"36":{"start":{"line":88,"column":8},"end":{"line":88,"column":71}},"37":{"start":{"line":93,"column":38},"end":{"line":93,"column":55}}},"fnMap":{"0":{"name":"(anonymous_0)","decl":{"start":{"line":8,"column":2},"end":{"line":8,"column":3}},"loc":{"start":{"line":8,"column":54},"end":{"line":19,"column":3}},"line":8},"1":{"name":"(anonymous_1)","decl":{"start":{"line":24,"column":2},"end":{"line":24,"column":3}},"loc":{"start":{"line":24,"column":54},"end":{"line":35,"column":3}},"line":24},"2":{"name":"(anonymous_2)","decl":{"start":{"line":50,"column":12},"end":{"line":50,"column":13}},"loc":{"start":{"line":50,"column":23},"end":{"line":55,"column":5}},"line":50},"3":{"name":"(anonymous_3)","decl":{"start":{"line":56,"column":16},"end":{"line":56,"column":17}},"loc":{"start":{"line":56,"column":27},"end":{"line":58,"column":5}},"line":56},"4":{"name":"(anonymous_4)","decl":{"start":{"line":60,"column":17},"end":{"line":60,"column":18}},"loc":{"start":{"line":60,"column":30},"end":{"line":90,"column":3}},"line":60},"5":{"name":"(anonymous_5)","decl":{"start":{"line":62,"column":30},"end":{"line":62,"column":31}},"loc":{"start":{"line":62,"column":41},"end":{"line":65,"column":7}},"line":62},"6":{"name":"(anonymous_6)","decl":{"start":{"line":66,"column":32},"end":{"line":66,"column":33}},"loc":{"start":{"line":66,"column":51},"end":{"line":71,"column":7}},"line":66},"7":{"name":"(anonymous_7)","decl":{"start":{"line":72,"column":31},"end":{"line":72,"column":32}},"loc":{"start":{"line":72,"column":50},"end":{"line":75,"column":7}},"line":72},"8":{"name":"(anonymous_8)","decl":{"start":{"line":76,"column":33},"end":{"line":76,"column":34}},"loc":{"start":{"line":76,"column":44},"end":{"line":79,"column":7}},"line":76},"9":{"name":"(anonymous_9)","decl":{"start":{"line":80,"column":35},"end":{"line":80,"column":36}},"loc":{"start":{"line":80,"column":54},"end":{"line":85,"column":7}},"line":80},"10":{"name":"(anonymous_10)","decl":{"start":{"line":86,"column":34},"end":{"line":86,"column":35}},"loc":{"start":{"line":86,"column":53},"end":{"line":89,"column":7}},"line":86}},"branchMap":{"0":{"loc":{"start":{"line":4,"column":16},"end":{"line":4,"column":72}},"type":"binary-expr","locations":[{"start":{"line":4,"column":16},"end":{"line":4,"column":45}},{"start":{"line":4,"column":49},"end":{"line":4,"column":72}}],"line":4},"1":{"loc":{"start":{"line":74,"column":22},"end":{"line":74,"column":63}},"type":"binary-expr","locations":[{"start":{"line":74,"column":22},"end":{"line":74,"column":45}},{"start":{"line":74,"column":49},"end":{"line":74,"column":63}}],"line":74},"2":{"loc":{"start":{"line":88,"column":22},"end":{"line":88,"column":70}},"type":"binary-expr","locations":[{"start":{"line":88,"column":22},"end":{"line":88,"column":45}},{"start":{"line":88,"column":49},"end":{"line":88,"column":70}}],"line":88}},"s":{"0":2,"1":2,"2":0,"3":0,"4":0,"5":0,"6":0,"7":2,"8":0,"9":0,"10":0,"11":0,"12":0,"13":2,"14":2,"15":0,"16":0,"17":0,"18":0,"19":0,"20":1,"21":0,"22":0,"23":0,"24":0,"25":0,"26":0,"27":0,"28":0,"29":0,"30":0,"31":0,"32":0,"33":0,"34":0,"35":0,"36":0,"37":2},"f":{"0":0,"1":0,"2":0,"3":0,"4":1,"5":0,"6":0,"7":0,"8":0,"9":0,"10":0},"b":{"0":[2,2],"1":[0,0],"2":[0,0]},"_coverageSchema":"1a1c01bbd47fc00a2c39e90264f33305004495a9","hash":"7069b634da11b4b53a9be81dbaf0fa462b242eee"}
,"/Users/adityasinghshekhawat/CascadeProjects/resume-job-matcher/frontend/src/store/slices/jobsSlice.js": {"path":"/Users/adityasinghshekhawat/CascadeProjects/resume-job-matcher/frontend/src/store/slices/jobsSlice.js","statementMap":{"0":{"start":{"line":4,"column":16},"end":{"line":4,"column":72}},"1":{"start":{"line":6,"column":26},"end":{"line":31,"column":1}},"2":{"start":{"line":9,"column":4},"end":{"line":29,"column":5}},"3":{"start":{"line":10,"column":20},"end":{"line":10,"column":41}},"4":{"start":{"line":11,"column":21},"end":{"line":15,"column":7}},"5":{"start":{"line":17,"column":23},"end":{"line":25,"column":7}},"6":{"start":{"line":26,"column":6},"end":{"line":26,"column":27}},"7":{"start":{"line":28,"column":6},"end":{"line":28,"column":50}},"8":{"start":{"line":33,"column":21},"end":{"line":41,"column":1}},"9":{"start":{"line":43,"column":18},"end":{"line":75,"column":2}},"10":{"start":{"line":48,"column":6},"end":{"line":48,"column":25}},"11":{"start":{"line":51,"column":6},"end":{"line":54,"column":8}},"12":{"start":{"line":57,"column":6},"end":{"line":57,"column":22}},"13":{"start":{"line":61,"column":4},"end":{"line":73,"column":9}},"14":{"start":{"line":63,"column":8},"end":{"line":63,"column":29}},"15":{"start":{"line":64,"column":8},"end":{"line":64,"column":27}},"16":{"start":{"line":67,"column":8},"end":{"line":67,"column":30}},"17":{"start":{"line":68,"column":8},"end":{"line":68,"column":41}},"18":{"start":{"line":71,"column":8},"end":{"line":71,"column":30}},"19":{"start":{"line":72,"column":8},"end":{"line":72,"column":73}},"20":{"start":{"line":77,"column":60},"end":{"line":77,"column":77}}},"fnMap":{"0":{"name":"(anonymous_0)","decl":{"start":{"line":8,"column":2},"end":{"line":8,"column":3}},"loc":{"start":{"line":8,"column":76},"end":{"line":30,"column":3}},"line":8},"1":{"name":"(anonymous_1)","decl":{"start":{"line":47,"column":20},"end":{"line":47,"column":21}},"loc":{"start":{"line":47,"column":31},"end":{"line":49,"column":5}},"line":47},"2":{"name":"(anonymous_2)","decl":{"start":{"line":50,"column":19},"end":{"line":50,"column":20}},"loc":{"start":{"line":50,"column":38},"end":{"line":55,"column":5}},"line":50},"3":{"name":"(anonymous_3)","decl":{"start":{"line":56,"column":15},"end":{"line":56,"column":16}},"loc":{"start":{"line":56,"column":26},"end":{"line":58,"column":5}},"line":56},"4":{"name":"(anonymous_4)","decl":{"start":{"line":60,"column":17},"end":{"line":60,"column":18}},"loc":{"start":{"line":60,"column":30},"end":{"line":74,"column":3}},"line":60},"5":{"name":"(anonymous_5)","decl":{"start":{"line":62,"column":35},"end":{"line":62,"column":36}},"loc":{"start":{"line":62,"column":46},"end":{"line":65,"column":7}},"line":62},"6":{"name":"(anonymous_6)","decl":{"start":{"line":66,"column":37},"end":{"line":66,"column":38}},"loc":{"start":{"line":66,"column":56},"end":{"line":69,"column":7}},"line":66},"7":{"name":"(anonymous_7)","decl":{"start":{"line":70,"column":36},"end":{"line":70,"column":37}},"loc":{"start":{"line":70,"column":55},"end":{"line":73,"column":7}},"line":70}},"branchMap":{"0":{"loc":{"start":{"line":4,"column":16},"end":{"line":4,"column":72}},"type":"binary-expr","locations":[{"start":{"line":4,"column":16},"end":{"line":4,"column":45}},{"start":{"line":4,"column":49},"end":{"line":4,"column":72}}],"line":4},"1":{"loc":{"start":{"line":72,"column":22},"end":{"line":72,"column":72}},"type":"binary-expr","locations":[{"start":{"line":72,"column":22},"end":{"line":72,"column":45}},{"start":{"line":72,"column":49},"end":{"line":72,"column":72}}],"line":72}},"s":{"0":1,"1":1,"2":0,"3":0,"4":0,"5":0,"6":0,"7":0,"8":1,"9":1,"10":0,"11":0,"12":0,"13":1,"14":0,"15":0,"16":0,"17":0,"18":0,"19":0,"20":1},"f":{"0":0,"1":0,"2":0,"3":0,"4":1,"5":0,"6":0,"7":0},"b":{"0":[1,1],"1":[0,0]},"_coverageSchema":"1a1c01bbd47fc00a2c39e90264f33305004495a9","hash":"fe795a63bde1a35fdd1354fda18bf5208d839bb1"}
,"/Users/adityasinghshekhawat/CascadeProjects/resume-job-matcher/frontend/src/store/slices/resumeSlice.js": {"path":"/Users/adityasinghshekhawat/CascadeProjects/resume-job-matcher/frontend/src/store/slices/resumeSlice.js","statementMap":{"0":{"start":{"line":4,"column":16},"end":{"line":4,"column":72}},"1":{"start":{"line":6,"column":28},"end":{"line":27,"column":1}},"2":{"start":{"line":9,"column":4},"end":{"line":25,"column":5}},"3":{"start":{"line":10,"column":23},"end":{"line":10,"column":37}},"4":{"start":{"line":11,"column":6},"end":{"line":11,"column":36}},"5":{"start":{"line":13,"column":20},"end":{"line":13,"column":41}},"6":{"start":{"line":14,"column":21},"end":{"line":19,"column":7}},"7":{"start":{"line":21,"column":23},"end":{"line":21,"column":78}},"8":{"start":{"line":22,"column":6},"end":{"line":22,"column":27}},"9":{"start":{"line":24,"column":6},"end":{"line":24,"column":50}},"10":{"start":{"line":29,"column":21},"end":{"line":34,"column":1}},"11":{"start":{"line":36,"column":20},"end":{"line":67,"column":2}},"12":{"start":{"line":41,"column":6},"end":{"line":41,"column":25}},"13":{"start":{"line":44,"column":6},"end":{"line":44,"column":33}},"14":{"start":{"line":45,"column":6},"end":{"line":45,"column":30}},"15":{"start":{"line":49,"column":4},"end":{"line":65,"column":9}},"16":{"start":{"line":51,"column":8},"end":{"line":51,"column":29}},"17":{"start":{"line":52,"column":8},"end":{"line":52,"column":27}},"18":{"start":{"line":55,"column":8},"end":{"line":55,"column":30}},"19":{"start":{"line":56,"column":8},"end":{"line":59,"column":10}},"20":{"start":{"line":60,"column":8},"end":{"line":60,"column":54}},"21":{"start":{"line":63,"column":8},"end":{"line":63,"column":30}},"22":{"start":{"line":64,"column":8},"end":{"line":64,"column":75}},"23":{"start":{"line":69,"column":56},"end":{"line":69,"column":75}}},"fnMap":{"0":{"name":"(anonymous_0)","decl":{"start":{"line":8,"column":2},"end":{"line":8,"column":3}},"loc":{"start":{"line":8,"column":49},"end":{"line":26,"column":3}},"line":8},"1":{"name":"(anonymous_1)","decl":{"start":{"line":40,"column":22},"end":{"line":40,"column":23}},"loc":{"start":{"line":40,"column":33},"end":{"line":42,"column":5}},"line":40},"2":{"name":"(anonymous_2)","decl":{"start":{"line":43,"column":24},"end":{"line":43,"column":25}},"loc":{"start":{"line":43,"column":35},"end":{"line":46,"column":5}},"line":43},"3":{"name":"(anonymous_3)","decl":{"start":{"line":48,"column":17},"end":{"line":48,"column":18}},"loc":{"start":{"line":48,"column":30},"end":{"line":66,"column":3}},"line":48},"4":{"name":"(anonymous_4)","decl":{"start":{"line":50,"column":37},"end":{"line":50,"column":38}},"loc":{"start":{"line":50,"column":48},"end":{"line":53,"column":7}},"line":50},"5":{"name":"(anonymous_5)","decl":{"start":{"line":54,"column":39},"end":{"line":54,"column":40}},"loc":{"start":{"line":54,"column":58},"end":{"line":61,"column":7}},"line":54},"6":{"name":"(anonymous_6)","decl":{"start":{"line":62,"column":38},"end":{"line":62,"column":39}},"loc":{"start":{"line":62,"column":57},"end":{"line":65,"column":7}},"line":62}},"branchMap":{"0":{"loc":{"start":{"line":4,"column":16},"end":{"line":4,"column":72}},"type":"binary-expr","locations":[{"start":{"line":4,"column":16},"end":{"line":4,"column":45}},{"start":{"line":4,"column":49},"end":{"line":4,"column":72}}],"line":4},"1":{"loc":{"start":{"line":64,"column":22},"end":{"line":64,"column":74}},"type":"binary-expr","locations":[{"start":{"line":64,"column":22},"end":{"line":64,"column":45}},{"start":{"line":64,"column":49},"end":{"line":64,"column":74}}],"line":64}},"s":{"0":2,"1":2,"2":0,"3":0,"4":0,"5":0,"6":0,"7":0,"8":0,"9":0,"10":2,"11":2,"12":0,"13":0,"14":0,"15":1,"16":0,"17":0,"18":0,"19":0,"20":0,"21":0,"22":0,"23":2},"f":{"0":0,"1":0,"2":0,"3":1,"4":0,"5":0,"6":0},"b":{"0":[2,2],"1":[0,0]},"_coverageSchema":"1a1c01bbd47fc00a2c39e90264f33305004495a9","hash":"607b8d94f267b440e226066763f431d3dc25f266"}
}
