TN:
SF:src/App.js
FN:30,App
FNF:1
FNH:1
FNDA:1,App
DA:19,1
DA:31,1
LF:2
LH:2
BRF:0
BRH:0
end_of_record
TN:
SF:src/components/Layout.js
FN:14,(anonymous_0)
FN:17,(anonymous_1)
FN:19,(anonymous_2)
FN:32,(anonymous_3)
FN:38,(anonymous_4)
FN:41,(anonymous_5)
FN:50,(anonymous_6)
FN:53,(anonymous_7)
FNF:8
FNH:2
FNDA:1,(anonymous_0)
FNDA:2,(anonymous_1)
FNDA:0,(anonymous_2)
FNDA:0,(anonymous_3)
FNDA:0,(anonymous_4)
FNDA:0,(anonymous_5)
FNDA:0,(anonymous_6)
FNDA:0,(anonymous_7)
DA:14,1
DA:15,1
DA:16,1
DA:17,2
DA:19,1
DA:20,0
DA:21,0
DA:24,1
DA:32,0
DA:38,0
DA:41,0
DA:50,0
DA:53,0
LF:13
LH:6
BRDA:36,0,0,0
BRDA:36,0,1,1
BRF:2
BRH:1
end_of_record
TN:
SF:src/components/PrivateRoute.js
FN:5,(anonymous_0)
FN:6,(anonymous_1)
FNF:2
FNH:0
FNDA:0,(anonymous_0)
FNDA:0,(anonymous_1)
DA:5,1
DA:6,0
DA:8,0
LF:3
LH:1
BRDA:8,0,0,0
BRDA:8,0,1,0
BRF:2
BRH:0
end_of_record
TN:
SF:src/pages/Dashboard.js
FN:20,(anonymous_0)
FN:25,(anonymous_1)
FN:28,(anonymous_2)
FN:35,(anonymous_3)
FN:39,(anonymous_4)
FN:43,(anonymous_5)
FN:56,(anonymous_6)
FN:67,(anonymous_7)
FN:81,(anonymous_8)
FN:101,(anonymous_9)
FNF:10
FNH:7
FNDA:4,(anonymous_0)
FNDA:8,(anonymous_1)
FNDA:1,(anonymous_2)
FNDA:0,(anonymous_3)
FNDA:0,(anonymous_4)
FNDA:4,(anonymous_5)
FNDA:2,(anonymous_6)
FNDA:1,(anonymous_7)
FNDA:1,(anonymous_8)
FNDA:0,(anonymous_9)
DA:20,2
DA:21,4
DA:22,4
DA:23,4
DA:24,4
DA:25,8
DA:28,4
DA:29,1
DA:30,1
DA:31,1
DA:35,4
DA:36,0
DA:39,4
DA:40,0
DA:43,4
DA:44,4
DA:46,1
DA:57,2
DA:68,1
DA:82,1
DA:95,4
DA:101,0
LF:22
LH:19
BRDA:30,0,0,1
BRDA:30,0,1,0
BRDA:44,1,0,3
BRDA:44,1,1,1
BRDA:100,2,0,4
BRDA:100,2,1,1
BRDA:128,3,0,0
BRDA:128,3,1,4
BRDA:134,4,0,4
BRDA:134,4,1,1
BRDA:141,5,0,4
BRDA:141,5,1,1
BRF:12
BRH:10
end_of_record
TN:
SF:src/pages/Home.js
FN:16,(anonymous_0)
FN:18,(anonymous_1)
FN:70,(anonymous_2)
FN:80,(anonymous_3)
FNF:4
FNH:3
FNDA:1,(anonymous_0)
FNDA:2,(anonymous_1)
FNDA:0,(anonymous_2)
FNDA:3,(anonymous_3)
DA:16,1
DA:17,1
DA:18,2
DA:20,1
DA:41,1
DA:71,0
DA:81,3
LF:7
LH:6
BRDA:71,0,0,0
BRDA:71,0,1,0
BRDA:75,1,0,0
BRDA:75,1,1,1
BRF:4
BRH:1
end_of_record
TN:
SF:src/pages/JobSearch.js
FN:33,(anonymous_0)
FN:35,(anonymous_1)
FN:36,(anonymous_2)
FN:38,(anonymous_3)
FN:44,(anonymous_4)
FN:58,(anonymous_5)
FN:62,(anonymous_6)
FN:101,(anonymous_7)
FN:142,(anonymous_8)
FN:168,(anonymous_9)
FNF:10
FNH:0
FNDA:0,(anonymous_0)
FNDA:0,(anonymous_1)
FNDA:0,(anonymous_2)
FNDA:0,(anonymous_3)
FNDA:0,(anonymous_4)
FNDA:0,(anonymous_5)
FNDA:0,(anonymous_6)
FNDA:0,(anonymous_7)
FNDA:0,(anonymous_8)
FNDA:0,(anonymous_9)
DA:25,1
DA:33,1
DA:34,0
DA:35,0
DA:36,0
DA:38,0
DA:39,0
DA:40,0
DA:44,0
DA:45,0
DA:46,0
DA:49,0
DA:58,0
DA:59,0
DA:62,0
DA:63,0
DA:102,0
DA:136,0
DA:142,0
DA:169,0
LF:20
LH:2
BRDA:39,0,0,0
BRDA:39,0,1,0
BRDA:39,1,0,0
BRDA:39,1,1,0
BRDA:45,2,0,0
BRDA:45,2,1,0
BRDA:141,3,0,0
BRDA:141,3,1,0
BRDA:180,4,0,0
BRDA:180,4,1,0
BRDA:182,5,0,0
BRDA:182,5,1,0
BRDA:187,6,0,0
BRDA:187,6,1,0
BRF:14
BRH:0
end_of_record
TN:
SF:src/pages/Login.js
FN:15,(anonymous_0)
FN:18,(anonymous_1)
FN:25,(anonymous_2)
FN:29,(anonymous_3)
FN:34,(anonymous_4)
FN:41,(anonymous_5)
FN:87,(anonymous_6)
FNF:7
FNH:6
FNDA:6,(anonymous_0)
FNDA:10,(anonymous_1)
FNDA:4,(anonymous_2)
FNDA:4,(anonymous_3)
FNDA:2,(anonymous_4)
FNDA:1,(anonymous_5)
FNDA:0,(anonymous_6)
DA:15,2
DA:16,6
DA:17,6
DA:18,10
DA:20,6
DA:25,6
DA:26,4
DA:27,1
DA:29,4
DA:30,4
DA:34,6
DA:35,2
DA:41,6
DA:42,1
DA:43,1
DA:46,6
DA:87,0
LF:17
LH:16
BRDA:26,0,0,1
BRDA:26,0,1,3
BRDA:52,1,0,6
BRDA:52,1,1,1
BRDA:81,2,0,0
BRDA:81,2,1,6
BRF:6
BRH:5
end_of_record
TN:
SF:src/pages/Register.js
FN:15,(anonymous_0)
FN:18,(anonymous_1)
FN:28,(anonymous_2)
FN:32,(anonymous_3)
FN:37,(anonymous_4)
FN:44,(anonymous_5)
FN:108,(anonymous_6)
FNF:7
FNH:0
FNDA:0,(anonymous_0)
FNDA:0,(anonymous_1)
FNDA:0,(anonymous_2)
FNDA:0,(anonymous_3)
FNDA:0,(anonymous_4)
FNDA:0,(anonymous_5)
FNDA:0,(anonymous_6)
DA:15,1
DA:16,0
DA:17,0
DA:18,0
DA:20,0
DA:26,0
DA:28,0
DA:29,0
DA:30,0
DA:32,0
DA:33,0
DA:37,0
DA:38,0
DA:44,0
DA:45,0
DA:46,0
DA:48,0
DA:49,0
DA:50,0
DA:53,0
DA:56,0
DA:108,0
LF:22
LH:1
BRDA:29,0,0,0
BRDA:29,0,1,0
BRDA:48,1,0,0
BRDA:48,1,1,0
BRDA:62,2,0,0
BRDA:62,2,1,0
BRDA:63,3,0,0
BRDA:63,3,1,0
BRDA:102,4,0,0
BRDA:102,4,1,0
BRF:10
BRH:0
end_of_record
TN:
SF:src/store/index.js
FNF:0
FNH:0
DA:6,1
LF:1
LH:1
BRF:0
BRH:0
end_of_record
TN:
SF:src/store/slices/authSlice.js
FN:8,(anonymous_0)
FN:24,(anonymous_1)
FN:50,(anonymous_2)
FN:56,(anonymous_3)
FN:60,(anonymous_4)
FN:62,(anonymous_5)
FN:66,(anonymous_6)
FN:72,(anonymous_7)
FN:76,(anonymous_8)
FN:80,(anonymous_9)
FN:86,(anonymous_10)
FNF:11
FNH:1
FNDA:0,(anonymous_0)
FNDA:0,(anonymous_1)
FNDA:0,(anonymous_2)
FNDA:0,(anonymous_3)
FNDA:1,(anonymous_4)
FNDA:0,(anonymous_5)
FNDA:0,(anonymous_6)
FNDA:0,(anonymous_7)
FNDA:0,(anonymous_8)
FNDA:0,(anonymous_9)
FNDA:0,(anonymous_10)
DA:4,2
DA:6,2
DA:9,0
DA:10,0
DA:14,0
DA:15,0
DA:17,0
DA:22,2
DA:25,0
DA:26,0
DA:30,0
DA:31,0
DA:33,0
DA:38,2
DA:46,2
DA:51,0
DA:52,0
DA:53,0
DA:54,0
DA:57,0
DA:61,1
DA:63,0
DA:64,0
DA:67,0
DA:68,0
DA:69,0
DA:70,0
DA:73,0
DA:74,0
DA:77,0
DA:78,0
DA:81,0
DA:82,0
DA:83,0
DA:84,0
DA:87,0
DA:88,0
DA:93,2
LF:38
LH:7
BRDA:4,0,0,2
BRDA:4,0,1,2
BRDA:74,1,0,0
BRDA:74,1,1,0
BRDA:88,2,0,0
BRDA:88,2,1,0
BRF:6
BRH:2
end_of_record
TN:
SF:src/store/slices/jobsSlice.js
FN:8,(anonymous_0)
FN:47,(anonymous_1)
FN:50,(anonymous_2)
FN:56,(anonymous_3)
FN:60,(anonymous_4)
FN:62,(anonymous_5)
FN:66,(anonymous_6)
FN:70,(anonymous_7)
FNF:8
FNH:1
FNDA:0,(anonymous_0)
FNDA:0,(anonymous_1)
FNDA:0,(anonymous_2)
FNDA:0,(anonymous_3)
FNDA:1,(anonymous_4)
FNDA:0,(anonymous_5)
FNDA:0,(anonymous_6)
FNDA:0,(anonymous_7)
DA:4,1
DA:6,1
DA:9,0
DA:10,0
DA:11,0
DA:17,0
DA:26,0
DA:28,0
DA:33,1
DA:43,1
DA:48,0
DA:51,0
DA:57,0
DA:61,1
DA:63,0
DA:64,0
DA:67,0
DA:68,0
DA:71,0
DA:72,0
DA:77,1
LF:21
LH:6
BRDA:4,0,0,1
BRDA:4,0,1,1
BRDA:72,1,0,0
BRDA:72,1,1,0
BRF:4
BRH:2
end_of_record
TN:
SF:src/store/slices/resumeSlice.js
FN:8,(anonymous_0)
FN:40,(anonymous_1)
FN:43,(anonymous_2)
FN:48,(anonymous_3)
FN:50,(anonymous_4)
FN:54,(anonymous_5)
FN:62,(anonymous_6)
FNF:7
FNH:1
FNDA:0,(anonymous_0)
FNDA:0,(anonymous_1)
FNDA:0,(anonymous_2)
FNDA:1,(anonymous_3)
FNDA:0,(anonymous_4)
FNDA:0,(anonymous_5)
FNDA:0,(anonymous_6)
DA:4,2
DA:6,2
DA:9,0
DA:10,0
DA:11,0
DA:13,0
DA:14,0
DA:21,0
DA:22,0
DA:24,0
DA:29,2
DA:36,2
DA:41,0
DA:44,0
DA:45,0
DA:49,1
DA:51,0
DA:52,0
DA:55,0
DA:56,0
DA:60,0
DA:63,0
DA:64,0
DA:69,2
LF:24
LH:6
BRDA:4,0,0,2
BRDA:4,0,1,2
BRDA:64,1,0,0
BRDA:64,1,1,0
BRF:4
BRH:2
end_of_record
